This is pdfTeX, Version 3.14159265-2.6-1.40.15 (TeX Live 2014) (preloaded format=pdflatex 2015.3.2)  5 NOV 2015 12:07
entering extended mode
 restricted \write18 enabled.
 %&-line parsing enabled.
**rapportP1.tex
(./rapportP1.tex
LaTeX2e <2014/05/01>
Babel <3.9k> and hyphenation patterns for 78 languages loaded.
(/usr/local/texlive/2014/texmf-dist/tex/latex/base/article.cls
Document Class: article 2007/10/19 v1.4h Standard LaTeX document class
(/usr/local/texlive/2014/texmf-dist/tex/latex/base/size11.clo
File: size11.clo 2007/10/19 v1.4h Standard LaTeX file (size option)
)
\c@part=\count79
\c@section=\count80
\c@subsection=\count81
\c@subsubsection=\count82
\c@paragraph=\count83
\c@subparagraph=\count84
\c@figure=\count85
\c@table=\count86
\abovecaptionskip=\skip41
\belowcaptionskip=\skip42
\bibindent=\dimen102
)
(/usr/local/texlive/2014/texmf-dist/tex/latex/vmargin/vmargin.sty
Package: vmargin 2004/07/15 V2.5 set document margins (VK)

Package: vmargin 2004/07/15 V2.5 set document margins (VK)
\PaperWidth=\dimen103
\PaperHeight=\dimen104
) (/usr/local/texlive/2014/texmf-dist/tex/generic/babel/babel.sty
Package: babel 2014/03/24 3.9k The Babel package

(/usr/local/texlive/2014/texmf-dist/tex/generic/babel-french/frenchb.ldf
Language: frenchb 2014/04/18 v3.0c French support from the babel system

(/usr/local/texlive/2014/texmf-dist/tex/generic/babel/babel.def
File: babel.def 2014/03/24 3.9k Babel common definitions
\babel@savecnt=\count87
\U@D=\dimen105
)
\l@acadian = a dialect from \language\l@french 
\l@canadien = a dialect from \language\l@french 
\FBcolonskip=\skip43
\FBthinskip=\skip44
\FB@interchartokenstateORI=\count88
Package babel Info: Making : an active character on input line 371.
Package babel Info: Making ; an active character on input line 372.
Package babel Info: Making ! an active character on input line 373.
Package babel Info: Making ? an active character on input line 374.
\FBguillskip=\skip45
\FB@Mht=\dimen106
\std@mcc=\count89
\dec@mcc=\count90
\listindentFB=\skip46
\labelwidthFB=\skip47
\leftmarginFB=\skip48
\parindentFFN=\dimen107
))
(/usr/local/texlive/2014/texmf-dist/tex/latex/carlisle/scalefnt.sty)
(/usr/local/texlive/2014/texmf-dist/tex/latex/graphics/keyval.sty
Package: keyval 2014/05/08 v1.15 key=value parser (DPC)
\KV@toks@=\toks14
)
(/usr/local/texlive/2014/texmf-dist/tex/latex/base/fontenc.sty
Package: fontenc 2005/09/27 v1.99g Standard LaTeX package

(/usr/local/texlive/2014/texmf-dist/tex/latex/base/t1enc.def
File: t1enc.def 2005/09/27 v1.99g Standard LaTeX file
LaTeX Font Info:    Redeclaring font encoding T1 on input line 43.
))
(/usr/local/texlive/2014/texmf-dist/tex/latex/ae/ae.sty
Package: ae 2001/02/12 1.3 Almost European Computer Modern

(/usr/local/texlive/2014/texmf-dist/tex/latex/base/fontenc.sty
Package: fontenc 2005/09/27 v1.99g Standard LaTeX package

(/usr/local/texlive/2014/texmf-dist/tex/latex/base/t1enc.def
File: t1enc.def 2005/09/27 v1.99g Standard LaTeX file
LaTeX Font Info:    Redeclaring font encoding T1 on input line 43.
)
LaTeX Font Info:    Try loading font information for T1+aer on input line 100.

(/usr/local/texlive/2014/texmf-dist/tex/latex/ae/t1aer.fd
File: t1aer.fd 1997/11/16 Font definitions for T1/aer.
)))
(/usr/local/texlive/2014/texmf-dist/tex/latex/base/inputenc.sty
Package: inputenc 2014/04/30 v1.2b Input encoding file
\inpenc@prehook=\toks15
\inpenc@posthook=\toks16

(/usr/local/texlive/2014/texmf-dist/tex/latex/base/utf8.def
File: utf8.def 2008/04/05 v1.1m UTF-8 support for inputenc
Now handling font encoding OML ...
... no UTF-8 mapping file for font encoding OML
Now handling font encoding T1 ...
... processing UTF-8 mapping file for font encoding T1

(/usr/local/texlive/2014/texmf-dist/tex/latex/base/t1enc.dfu
File: t1enc.dfu 2008/04/05 v1.1m UTF-8 support for inputenc
   defining Unicode char U+00A1 (decimal 161)
   defining Unicode char U+00A3 (decimal 163)
   defining Unicode char U+00AB (decimal 171)
   defining Unicode char U+00BB (decimal 187)
   defining Unicode char U+00BF (decimal 191)
   defining Unicode char U+00C0 (decimal 192)
   defining Unicode char U+00C1 (decimal 193)
   defining Unicode char U+00C2 (decimal 194)
   defining Unicode char U+00C3 (decimal 195)
   defining Unicode char U+00C4 (decimal 196)
   defining Unicode char U+00C5 (decimal 197)
   defining Unicode char U+00C6 (decimal 198)
   defining Unicode char U+00C7 (decimal 199)
   defining Unicode char U+00C8 (decimal 200)
   defining Unicode char U+00C9 (decimal 201)
   defining Unicode char U+00CA (decimal 202)
   defining Unicode char U+00CB (decimal 203)
   defining Unicode char U+00CC (decimal 204)
   defining Unicode char U+00CD (decimal 205)
   defining Unicode char U+00CE (decimal 206)
   defining Unicode char U+00CF (decimal 207)
   defining Unicode char U+00D0 (decimal 208)
   defining Unicode char U+00D1 (decimal 209)
   defining Unicode char U+00D2 (decimal 210)
   defining Unicode char U+00D3 (decimal 211)
   defining Unicode char U+00D4 (decimal 212)
   defining Unicode char U+00D5 (decimal 213)
   defining Unicode char U+00D6 (decimal 214)
   defining Unicode char U+00D8 (decimal 216)
   defining Unicode char U+00D9 (decimal 217)
   defining Unicode char U+00DA (decimal 218)
   defining Unicode char U+00DB (decimal 219)
   defining Unicode char U+00DC (decimal 220)
   defining Unicode char U+00DD (decimal 221)
   defining Unicode char U+00DE (decimal 222)
   defining Unicode char U+00DF (decimal 223)
   defining Unicode char U+00E0 (decimal 224)
   defining Unicode char U+00E1 (decimal 225)
   defining Unicode char U+00E2 (decimal 226)
   defining Unicode char U+00E3 (decimal 227)
   defining Unicode char U+00E4 (decimal 228)
   defining Unicode char U+00E5 (decimal 229)
   defining Unicode char U+00E6 (decimal 230)
   defining Unicode char U+00E7 (decimal 231)
   defining Unicode char U+00E8 (decimal 232)
   defining Unicode char U+00E9 (decimal 233)
   defining Unicode char U+00EA (decimal 234)
   defining Unicode char U+00EB (decimal 235)
   defining Unicode char U+00EC (decimal 236)
   defining Unicode char U+00ED (decimal 237)
   defining Unicode char U+00EE (decimal 238)
   defining Unicode char U+00EF (decimal 239)
   defining Unicode char U+00F0 (decimal 240)
   defining Unicode char U+00F1 (decimal 241)
   defining Unicode char U+00F2 (decimal 242)
   defining Unicode char U+00F3 (decimal 243)
   defining Unicode char U+00F4 (decimal 244)
   defining Unicode char U+00F5 (decimal 245)
   defining Unicode char U+00F6 (decimal 246)
   defining Unicode char U+00F8 (decimal 248)
   defining Unicode char U+00F9 (decimal 249)
   defining Unicode char U+00FA (decimal 250)
   defining Unicode char U+00FB (decimal 251)
   defining Unicode char U+00FC (decimal 252)
   defining Unicode char U+00FD (decimal 253)
   defining Unicode char U+00FE (decimal 254)
   defining Unicode char U+00FF (decimal 255)
   defining Unicode char U+0102 (decimal 258)
   defining Unicode char U+0103 (decimal 259)
   defining Unicode char U+0104 (decimal 260)
   defining Unicode char U+0105 (decimal 261)
   defining Unicode char U+0106 (decimal 262)
   defining Unicode char U+0107 (decimal 263)
   defining Unicode char U+010C (decimal 268)
   defining Unicode char U+010D (decimal 269)
   defining Unicode char U+010E (decimal 270)
   defining Unicode char U+010F (decimal 271)
   defining Unicode char U+0110 (decimal 272)
   defining Unicode char U+0111 (decimal 273)
   defining Unicode char U+0118 (decimal 280)
   defining Unicode char U+0119 (decimal 281)
   defining Unicode char U+011A (decimal 282)
   defining Unicode char U+011B (decimal 283)
   defining Unicode char U+011E (decimal 286)
   defining Unicode char U+011F (decimal 287)
   defining Unicode char U+0130 (decimal 304)
   defining Unicode char U+0131 (decimal 305)
   defining Unicode char U+0132 (decimal 306)
   defining Unicode char U+0133 (decimal 307)
   defining Unicode char U+0139 (decimal 313)
   defining Unicode char U+013A (decimal 314)
   defining Unicode char U+013D (decimal 317)
   defining Unicode char U+013E (decimal 318)
   defining Unicode char U+0141 (decimal 321)
   defining Unicode char U+0142 (decimal 322)
   defining Unicode char U+0143 (decimal 323)
   defining Unicode char U+0144 (decimal 324)
   defining Unicode char U+0147 (decimal 327)
   defining Unicode char U+0148 (decimal 328)
   defining Unicode char U+014A (decimal 330)
   defining Unicode char U+014B (decimal 331)
   defining Unicode char U+0150 (decimal 336)
   defining Unicode char U+0151 (decimal 337)
   defining Unicode char U+0152 (decimal 338)
   defining Unicode char U+0153 (decimal 339)
   defining Unicode char U+0154 (decimal 340)
   defining Unicode char U+0155 (decimal 341)
   defining Unicode char U+0158 (decimal 344)
   defining Unicode char U+0159 (decimal 345)
   defining Unicode char U+015A (decimal 346)
   defining Unicode char U+015B (decimal 347)
   defining Unicode char U+015E (decimal 350)
   defining Unicode char U+015F (decimal 351)
   defining Unicode char U+0160 (decimal 352)
   defining Unicode char U+0161 (decimal 353)
   defining Unicode char U+0162 (decimal 354)
   defining Unicode char U+0163 (decimal 355)
   defining Unicode char U+0164 (decimal 356)
   defining Unicode char U+0165 (decimal 357)
   defining Unicode char U+016E (decimal 366)
   defining Unicode char U+016F (decimal 367)
   defining Unicode char U+0170 (decimal 368)
   defining Unicode char U+0171 (decimal 369)
   defining Unicode char U+0178 (decimal 376)
   defining Unicode char U+0179 (decimal 377)
   defining Unicode char U+017A (decimal 378)
   defining Unicode char U+017B (decimal 379)
   defining Unicode char U+017C (decimal 380)
   defining Unicode char U+017D (decimal 381)
   defining Unicode char U+017E (decimal 382)
   defining Unicode char U+200C (decimal 8204)
   defining Unicode char U+2013 (decimal 8211)
   defining Unicode char U+2014 (decimal 8212)
   defining Unicode char U+2018 (decimal 8216)
   defining Unicode char U+2019 (decimal 8217)
   defining Unicode char U+201A (decimal 8218)
   defining Unicode char U+201C (decimal 8220)
   defining Unicode char U+201D (decimal 8221)
   defining Unicode char U+201E (decimal 8222)
   defining Unicode char U+2030 (decimal 8240)
   defining Unicode char U+2031 (decimal 8241)
   defining Unicode char U+2039 (decimal 8249)
   defining Unicode char U+203A (decimal 8250)
   defining Unicode char U+2423 (decimal 9251)
)
Now handling font encoding OT1 ...
... processing UTF-8 mapping file for font encoding OT1

(/usr/local/texlive/2014/texmf-dist/tex/latex/base/ot1enc.dfu
File: ot1enc.dfu 2008/04/05 v1.1m UTF-8 support for inputenc
   defining Unicode char U+00A1 (decimal 161)
   defining Unicode char U+00A3 (decimal 163)
   defining Unicode char U+00B8 (decimal 184)
   defining Unicode char U+00BF (decimal 191)
   defining Unicode char U+00C5 (decimal 197)
   defining Unicode char U+00C6 (decimal 198)
   defining Unicode char U+00D8 (decimal 216)
   defining Unicode char U+00DF (decimal 223)
   defining Unicode char U+00E6 (decimal 230)
   defining Unicode char U+00EC (decimal 236)
   defining Unicode char U+00ED (decimal 237)
   defining Unicode char U+00EE (decimal 238)
   defining Unicode char U+00EF (decimal 239)
   defining Unicode char U+00F8 (decimal 248)
   defining Unicode char U+0131 (decimal 305)
   defining Unicode char U+0141 (decimal 321)
   defining Unicode char U+0142 (decimal 322)
   defining Unicode char U+0152 (decimal 338)
   defining Unicode char U+0153 (decimal 339)
   defining Unicode char U+2013 (decimal 8211)
   defining Unicode char U+2014 (decimal 8212)
   defining Unicode char U+2018 (decimal 8216)
   defining Unicode char U+2019 (decimal 8217)
   defining Unicode char U+201C (decimal 8220)
   defining Unicode char U+201D (decimal 8221)
)
Now handling font encoding OMS ...
... processing UTF-8 mapping file for font encoding OMS

(/usr/local/texlive/2014/texmf-dist/tex/latex/base/omsenc.dfu
File: omsenc.dfu 2008/04/05 v1.1m UTF-8 support for inputenc
   defining Unicode char U+00A7 (decimal 167)
   defining Unicode char U+00B6 (decimal 182)
   defining Unicode char U+00B7 (decimal 183)
   defining Unicode char U+2020 (decimal 8224)
   defining Unicode char U+2021 (decimal 8225)
   defining Unicode char U+2022 (decimal 8226)
)
Now handling font encoding OMX ...
... no UTF-8 mapping file for font encoding OMX
Now handling font encoding U ...
... no UTF-8 mapping file for font encoding U
   defining Unicode char U+00A9 (decimal 169)
   defining Unicode char U+00AA (decimal 170)
   defining Unicode char U+00AE (decimal 174)
   defining Unicode char U+00BA (decimal 186)
   defining Unicode char U+02C6 (decimal 710)
   defining Unicode char U+02DC (decimal 732)
   defining Unicode char U+200C (decimal 8204)
   defining Unicode char U+2026 (decimal 8230)
   defining Unicode char U+2122 (decimal 8482)
   defining Unicode char U+2423 (decimal 9251)
))
(/usr/local/texlive/2014/texmf-dist/tex/latex/amsmath/amsmath.sty
Package: amsmath 2013/01/14 v2.14 AMS math features
\@mathmargin=\skip49

For additional information on amsmath, use the `?' option.
(/usr/local/texlive/2014/texmf-dist/tex/latex/amsmath/amstext.sty
Package: amstext 2000/06/29 v2.01

(/usr/local/texlive/2014/texmf-dist/tex/latex/amsmath/amsgen.sty
File: amsgen.sty 1999/11/30 v2.0
\@emptytoks=\toks17
\ex@=\dimen108
))
(/usr/local/texlive/2014/texmf-dist/tex/latex/amsmath/amsbsy.sty
Package: amsbsy 1999/11/29 v1.2d
\pmbraise@=\dimen109
)
(/usr/local/texlive/2014/texmf-dist/tex/latex/amsmath/amsopn.sty
Package: amsopn 1999/12/14 v2.01 operator names
)
\inf@bad=\count91
LaTeX Info: Redefining \frac on input line 210.
\uproot@=\count92
\leftroot@=\count93
LaTeX Info: Redefining \overline on input line 306.
\classnum@=\count94
\DOTSCASE@=\count95
LaTeX Info: Redefining \ldots on input line 378.
LaTeX Info: Redefining \dots on input line 381.
LaTeX Info: Redefining \cdots on input line 466.
\Mathstrutbox@=\box26
\strutbox@=\box27
\big@size=\dimen110
LaTeX Font Info:    Redeclaring font encoding OML on input line 566.
LaTeX Font Info:    Redeclaring font encoding OMS on input line 567.
\macc@depth=\count96
\c@MaxMatrixCols=\count97
\dotsspace@=\muskip10
\c@parentequation=\count98
\dspbrk@lvl=\count99
\tag@help=\toks18
\row@=\count100
\column@=\count101
\maxfields@=\count102
\andhelp@=\toks19
\eqnshift@=\dimen111
\alignsep@=\dimen112
\tagshift@=\dimen113
\tagwidth@=\dimen114
\totwidth@=\dimen115
\lineht@=\dimen116
\@envbody=\toks20
\multlinegap=\skip50
\multlinetaggap=\skip51
\mathdisplay@stack=\toks21
LaTeX Info: Redefining \[ on input line 2665.
LaTeX Info: Redefining \] on input line 2666.
)
(/usr/local/texlive/2014/texmf-dist/tex/latex/amsfonts/amssymb.sty
Package: amssymb 2013/01/14 v3.01 AMS font symbols

(/usr/local/texlive/2014/texmf-dist/tex/latex/amsfonts/amsfonts.sty
Package: amsfonts 2013/01/14 v3.01 Basic AMSFonts support
\symAMSa=\mathgroup4
\symAMSb=\mathgroup5
LaTeX Font Info:    Overwriting math alphabet `\mathfrak' in version `bold'
(Font)                  U/euf/m/n --> U/euf/b/n on input line 106.
))
(/usr/local/texlive/2014/texmf-dist/tex/latex/amscls/amsthm.sty
Package: amsthm 2004/08/06 v2.20
\thm@style=\toks22
\thm@bodyfont=\toks23
\thm@headfont=\toks24
\thm@notefont=\toks25
\thm@headpunct=\toks26
\thm@preskip=\skip52
\thm@postskip=\skip53
\thm@headsep=\skip54
\dth@everypar=\toks27
)
(/usr/local/texlive/2014/texmf-dist/tex/latex/amsfonts/eucal.sty
Package: eucal 2009/06/22 v3.00 Euler Script fonts
LaTeX Font Info:    Overwriting math alphabet `\EuScript' in version `bold'
(Font)                  U/eus/m/n --> U/eus/b/n on input line 33.
)
(/usr/local/texlive/2014/texmf-dist/tex/latex/graphics/graphicx.sty
Package: graphicx 2014/04/25 v1.0g Enhanced LaTeX Graphics (DPC,SPQR)

(/usr/local/texlive/2014/texmf-dist/tex/latex/graphics/graphics.sty
Package: graphics 2009/02/05 v1.0o Standard LaTeX Graphics (DPC,SPQR)

(/usr/local/texlive/2014/texmf-dist/tex/latex/graphics/trig.sty
Package: trig 1999/03/16 v1.09 sin cos tan (DPC)
)
(/usr/local/texlive/2014/texmf-dist/tex/latex/latexconfig/graphics.cfg
File: graphics.cfg 2010/04/23 v1.9 graphics configuration of TeX Live
)
Package graphics Info: Driver file: pdftex.def on input line 91.

(/usr/local/texlive/2014/texmf-dist/tex/latex/pdftex-def/pdftex.def
File: pdftex.def 2011/05/27 v0.06d Graphics/color for pdfTeX

(/usr/local/texlive/2014/texmf-dist/tex/generic/oberdiek/infwarerr.sty
Package: infwarerr 2010/04/08 v1.3 Providing info/warning/error messages (HO)
)
(/usr/local/texlive/2014/texmf-dist/tex/generic/oberdiek/ltxcmds.sty
Package: ltxcmds 2011/11/09 v1.22 LaTeX kernel commands for general use (HO)
)
\Gread@gobject=\count103
))
\Gin@req@height=\dimen117
\Gin@req@width=\dimen118
)
(/usr/local/texlive/2014/texmf-dist/tex/latex/fancyhdr/fancyhdr.sty
\fancy@headwidth=\skip55
\f@ncyO@elh=\skip56
\f@ncyO@erh=\skip57
\f@ncyO@olh=\skip58
\f@ncyO@orh=\skip59
\f@ncyO@elf=\skip60
\f@ncyO@erf=\skip61
\f@ncyO@olf=\skip62
\f@ncyO@orf=\skip63
)
(/usr/local/texlive/2014/texmf-dist/tex/latex/fancybox/fancybox.sty
Package: fancybox 2010/05/15 1.4

Style option: `fancybox' v1.4 <2010/05/15> (tvz)
\@fancybox=\box28
\shadowsize=\dimen119
\@Sbox=\box29
\do@VerbBox=\toks28
\the@fancyput=\toks29
\this@fancyput=\toks30
\EndVerbatimTokens=\toks31
\Verbatim@Outfile=\write3
\Verbatim@Infile=\read1
) (/usr/local/texlive/2014/texmf-dist/tex/latex/graphics/color.sty
Package: color 2014/04/23 v1.1a Standard LaTeX Color (DPC)

(/usr/local/texlive/2014/texmf-dist/tex/latex/latexconfig/color.cfg
File: color.cfg 2007/01/18 v1.5 color configuration of teTeX/TeXLive
)
Package color Info: Driver file: pdftex.def on input line 137.
)
(/usr/local/texlive/2014/texmf-dist/tex/latex/oberdiek/epstopdf.sty
Package: epstopdf 2010/02/09 v2.5 Conversion with epstopdf on the fly (HO)

(/usr/local/texlive/2014/texmf-dist/tex/latex/oberdiek/epstopdf-base.sty
Package: epstopdf-base 2010/02/09 v2.5 Base part for package epstopdf

(/usr/local/texlive/2014/texmf-dist/tex/latex/oberdiek/grfext.sty
Package: grfext 2010/08/19 v1.1 Manage graphics extensions (HO)

(/usr/local/texlive/2014/texmf-dist/tex/generic/oberdiek/kvdefinekeys.sty
Package: kvdefinekeys 2011/04/07 v1.3 Define keys (HO)
))
(/usr/local/texlive/2014/texmf-dist/tex/latex/oberdiek/kvoptions.sty
Package: kvoptions 2011/06/30 v3.11 Key value format for package options (HO)

(/usr/local/texlive/2014/texmf-dist/tex/generic/oberdiek/kvsetkeys.sty
Package: kvsetkeys 2012/04/25 v1.16 Key value parser (HO)

(/usr/local/texlive/2014/texmf-dist/tex/generic/oberdiek/etexcmds.sty
Package: etexcmds 2011/02/16 v1.5 Avoid name clashes with e-TeX commands (HO)

(/usr/local/texlive/2014/texmf-dist/tex/generic/oberdiek/ifluatex.sty
Package: ifluatex 2010/03/01 v1.3 Provides the ifluatex switch (HO)
Package ifluatex Info: LuaTeX not detected.
)
Package etexcmds Info: Could not find \expanded.
(etexcmds)             That can mean that you are not using pdfTeX 1.50 or
(etexcmds)             that some package has redefined \expanded.
(etexcmds)             In the latter case, load this package earlier.
)))
(/usr/local/texlive/2014/texmf-dist/tex/generic/oberdiek/pdftexcmds.sty
Package: pdftexcmds 2011/11/29 v0.20 Utility functions of pdfTeX for LuaTeX (HO
)

(/usr/local/texlive/2014/texmf-dist/tex/generic/oberdiek/ifpdf.sty
Package: ifpdf 2011/01/30 v2.3 Provides the ifpdf switch (HO)
Package ifpdf Info: pdfTeX in PDF mode is detected.
)
Package pdftexcmds Info: LuaTeX not detected.
Package pdftexcmds Info: \pdf@primitive is available.
Package pdftexcmds Info: \pdf@ifprimitive is available.
Package pdftexcmds Info: \pdfdraftmode found.
)
Package grfext Info: Graphics extension search list:
(grfext)             [.png,.pdf,.jpg,.mps,.jpeg,.jbig2,.jb2,.PNG,.PDF,.JPG,.JPE
G,.JBIG2,.JB2,.eps]
(grfext)             \AppendGraphicsExtensions on input line 452.

(/usr/local/texlive/2014/texmf-dist/tex/latex/latexconfig/epstopdf-sys.cfg
File: epstopdf-sys.cfg 2010/07/13 v1.3 Configuration of (r)epstopdf for TeX Liv
e
)))
(/usr/local/texlive/2014/texmf-dist/tex/latex/float/float.sty
Package: float 2001/11/08 v1.3d Float enhancements (AL)
\c@float@type=\count104
\float@exts=\toks32
\float@box=\box30
\@float@everytoks=\toks33
\@floatcapt=\box31
) (./slashbox.sty
slashbox style by K.Yasuoka, May 1993.
\@slashboxa=\box32
\@slashboxb=\box33
\@slashboxc=\box34
\@slashboxwd=\count105
\@slashboxht=\count106
\@slashsepl=\dimen120
\@slashsepr=\dimen121
) (/usr/local/texlive/2014/texmf-dist/tex/latex/listings/listings.sty
\lst@mode=\count107
\lst@gtempboxa=\box35
\lst@token=\toks34
\lst@length=\count108
\lst@currlwidth=\dimen122
\lst@column=\count109
\lst@pos=\count110
\lst@lostspace=\dimen123
\lst@width=\dimen124
\lst@newlines=\count111
\lst@lineno=\count112
\lst@maxwidth=\dimen125

(/usr/local/texlive/2014/texmf-dist/tex/latex/listings/lstmisc.sty
File: lstmisc.sty 2014/03/04 1.5c (Carsten Heinz)
\c@lstnumber=\count113
\lst@skipnumbers=\count114
\lst@framebox=\box36
)
(/usr/local/texlive/2014/texmf-dist/tex/latex/listings/listings.cfg
File: listings.cfg 2014/03/04 1.5c listings configuration
))
Package: listings 2014/03/04 1.5c (Carsten Heinz)

(/usr/local/texlive/2014/texmf-dist/tex/latex/listings/lstlang1.sty
File: lstlang1.sty 2014/03/04 1.5c listings language file
)
\symcmmathcal=\mathgroup6

(/usr/local/texlive/2014/texmf-dist/tex/latex/placeins/placeins.sty
Package: placeins 2005/04/18  v 2.2
)
(./rapportP1.aux

LaTeX Warning: Label `Q2B' multiply defined.


LaTeX Warning: Label `Q2B' multiply defined.

)
\openout1 = `rapportP1.aux'.

LaTeX Font Info:    Checking defaults for OML/cmm/m/it on input line 87.
LaTeX Font Info:    ... okay on input line 87.
LaTeX Font Info:    Checking defaults for T1/cmr/m/n on input line 87.
LaTeX Font Info:    ... okay on input line 87.
LaTeX Font Info:    Checking defaults for OT1/cmr/m/n on input line 87.
LaTeX Font Info:    ... okay on input line 87.
LaTeX Font Info:    Checking defaults for OMS/cmsy/m/n on input line 87.
LaTeX Font Info:    ... okay on input line 87.
LaTeX Font Info:    Checking defaults for OMX/cmex/m/n on input line 87.
LaTeX Font Info:    ... okay on input line 87.
LaTeX Font Info:    Checking defaults for U/cmr/m/n on input line 87.
LaTeX Font Info:    ... okay on input line 87.
LaTeX Info: Redefining \degres on input line 87.
LaTeX Info: Redefining \dots on input line 87.
LaTeX Info: Redefining \up on input line 87.
 (/usr/local/texlive/2014/texmf-dist/tex/context/base/supp-pdf.mkii
[Loading MPS to PDF converter (version 2006.09.02).]
\scratchcounter=\count115
\scratchdimen=\dimen126
\scratchbox=\box37
\nofMPsegments=\count116
\nofMParguments=\count117
\everyMPshowfont=\toks35
\MPscratchCnt=\count118
\MPscratchDim=\dimen127
\MPnumerator=\count119
\makeMPintoPDFobject=\count120
\everyMPtoPDFconversion=\toks36
)
\c@lstlisting=\count121
LaTeX Font Info:    Try loading font information for U+msa on input line 93.
 (/usr/local/texlive/2014/texmf-dist/tex/latex/amsfonts/umsa.fd
File: umsa.fd 2013/01/14 v3.01 AMS symbols A
)
LaTeX Font Info:    Try loading font information for U+msb on input line 93.

(/usr/local/texlive/2014/texmf-dist/tex/latex/amsfonts/umsb.fd
File: umsb.fd 2013/01/14 v3.01 AMS symbols B
)
<Fig/logo_ulg.png, id=1, 263.98625pt x 192.72pt>
File: Fig/logo_ulg.png Graphic file (type png)
 <use Fig/logo_ulg.png>
Package pdftex.def Info: Fig/logo_ulg.png used on input line 94.
(pdftex.def)             Requested size: 105.59262pt x 77.08662pt.

<Fig/Logo_FSAnew.png, id=2, 80.3pt x 94.3525pt>
File: Fig/Logo_FSAnew.png Graphic file (type png)
 <use Fig/Logo_FSAnew.png>
Package pdftex.def Info: Fig/Logo_FSAnew.png used on input line 94.
(pdftex.def)             Requested size: 48.18036pt x 56.61192pt.

Overfull \hbox (97.26529pt too wide) in paragraph at lines 93--96
[][] 
 []


Overfull \hbox (364.79286pt too wide) in paragraph at lines 118--122
 [][] 
 []

[1

{/usr/local/texlive/2014/texmf-var/fonts/map/pdftex/updmap/pdftex.map} <./Fig/l
ogo_ulg.png> <./Fig/Logo_FSAnew.png>]
Package epstopdf Info: Source file: <Fig/Q1A1.eps>
(epstopdf)                    date: 2015-10-22 20:49:35
(epstopdf)                    size: 66819 bytes
(epstopdf)             Output file: <Fig/Q1A1-eps-converted-to.pdf>
(epstopdf)                    date: 2015-10-22 20:52:31
(epstopdf)                    size: 8487 bytes
(epstopdf)             Command: <repstopdf --outfile=Fig/Q1A1-eps-converted-to.
pdf Fig/Q1A1.eps>
(epstopdf)             \includegraphics on input line 129.
Package epstopdf Info: Output file is already uptodate.

<Fig/Q1A1-eps-converted-to.pdf, id=14, 480.79625pt x 407.5225pt>
File: Fig/Q1A1-eps-converted-to.pdf Graphic file (type pdf)

<use Fig/Q1A1-eps-converted-to.pdf>
Package pdftex.def Info: Fig/Q1A1-eps-converted-to.pdf used on input line 129.
(pdftex.def)             Requested size: 156.49168pt x 170.71678pt.
Package epstopdf Info: Source file: <Fig/Q1A2.eps>
(epstopdf)                    date: 2015-10-22 20:49:36
(epstopdf)                    size: 67006 bytes
(epstopdf)             Output file: <Fig/Q1A2-eps-converted-to.pdf>
(epstopdf)                    date: 2015-10-22 20:52:32
(epstopdf)                    size: 8473 bytes
(epstopdf)             Command: <repstopdf --outfile=Fig/Q1A2-eps-converted-to.
pdf Fig/Q1A2.eps>
(epstopdf)             \includegraphics on input line 130.
Package epstopdf Info: Output file is already uptodate.

<Fig/Q1A2-eps-converted-to.pdf, id=15, 480.79625pt x 407.5225pt>
File: Fig/Q1A2-eps-converted-to.pdf Graphic file (type pdf)

<use Fig/Q1A2-eps-converted-to.pdf>
Package pdftex.def Info: Fig/Q1A2-eps-converted-to.pdf used on input line 130.
(pdftex.def)             Requested size: 156.49168pt x 170.71678pt.
Package epstopdf Info: Source file: <Fig/Q1A3.eps>
(epstopdf)                    date: 2015-10-22 20:49:37
(epstopdf)                    size: 66959 bytes
(epstopdf)             Output file: <Fig/Q1A3-eps-converted-to.pdf>
(epstopdf)                    date: 2015-10-22 20:52:33
(epstopdf)                    size: 8737 bytes
(epstopdf)             Command: <repstopdf --outfile=Fig/Q1A3-eps-converted-to.
pdf Fig/Q1A3.eps>
(epstopdf)             \includegraphics on input line 131.
Package epstopdf Info: Output file is already uptodate.

<Fig/Q1A3-eps-converted-to.pdf, id=16, 480.79625pt x 407.5225pt>
File: Fig/Q1A3-eps-converted-to.pdf Graphic file (type pdf)

<use Fig/Q1A3-eps-converted-to.pdf>
Package pdftex.def Info: Fig/Q1A3-eps-converted-to.pdf used on input line 131.
(pdftex.def)             Requested size: 156.49168pt x 170.71678pt.
 [1 <./Fig/Q1A1-eps-converted-to.pdf> <./Fig/Q1A2-eps-converted-to.pdf> <./Fig/
Q1A3-eps-converted-to.pdf>]
Package epstopdf Info: Source file: <Fig/Q1C1.eps>
(epstopdf)                    date: 2015-10-22 21:45:42
(epstopdf)                    size: 62693 bytes
(epstopdf)             Output file: <Fig/Q1C1-eps-converted-to.pdf>
(epstopdf)                    date: 2015-10-22 21:45:52
(epstopdf)                    size: 7738 bytes
(epstopdf)             Command: <repstopdf --outfile=Fig/Q1C1-eps-converted-to.
pdf Fig/Q1C1.eps>
(epstopdf)             \includegraphics on input line 172.
Package epstopdf Info: Output file is already uptodate.

<Fig/Q1C1-eps-converted-to.pdf, id=45, 483.8075pt x 380.42125pt>
File: Fig/Q1C1-eps-converted-to.pdf Graphic file (type pdf)

<use Fig/Q1C1-eps-converted-to.pdf>
Package pdftex.def Info: Fig/Q1C1-eps-converted-to.pdf used on input line 172.
(pdftex.def)             Requested size: 199.16702pt x 170.71779pt.
Package epstopdf Info: Source file: <Fig/Q1C2.eps>
(epstopdf)                    date: 2015-10-22 21:45:43
(epstopdf)                    size: 62742 bytes
(epstopdf)             Output file: <Fig/Q1C2-eps-converted-to.pdf>
(epstopdf)                    date: 2015-10-22 21:45:53
(epstopdf)                    size: 7794 bytes
(epstopdf)             Command: <repstopdf --outfile=Fig/Q1C2-eps-converted-to.
pdf Fig/Q1C2.eps>
(epstopdf)             \includegraphics on input line 173.
Package epstopdf Info: Output file is already uptodate.

<Fig/Q1C2-eps-converted-to.pdf, id=46, 483.8075pt x 380.42125pt>
File: Fig/Q1C2-eps-converted-to.pdf Graphic file (type pdf)

<use Fig/Q1C2-eps-converted-to.pdf>
Package pdftex.def Info: Fig/Q1C2-eps-converted-to.pdf used on input line 173.
(pdftex.def)             Requested size: 199.16702pt x 170.71779pt.
Package epstopdf Info: Source file: <Fig/Q1C3.eps>
(epstopdf)                    date: 2015-10-22 21:45:44
(epstopdf)                    size: 64531 bytes
(epstopdf)             Output file: <Fig/Q1C3-eps-converted-to.pdf>
(epstopdf)                    date: 2015-10-22 21:45:54
(epstopdf)                    size: 7849 bytes
(epstopdf)             Command: <repstopdf --outfile=Fig/Q1C3-eps-converted-to.
pdf Fig/Q1C3.eps>
(epstopdf)             \includegraphics on input line 174.
Package epstopdf Info: Output file is already uptodate.

<Fig/Q1C3-eps-converted-to.pdf, id=47, 483.8075pt x 376.40625pt>
File: Fig/Q1C3-eps-converted-to.pdf Graphic file (type pdf)

<use Fig/Q1C3-eps-converted-to.pdf>
Package pdftex.def Info: Fig/Q1C3-eps-converted-to.pdf used on input line 174.
(pdftex.def)             Requested size: 199.16702pt x 170.71947pt.
 [2 <./Fig/Q1C1-eps-converted-to.pdf> <./Fig/Q1C2-eps-converted-to.pdf> <./Fig/
Q1C3-eps-converted-to.pdf>]
Package epstopdf Info: Source file: <Fig/Q1D1.eps>
(epstopdf)                    date: 2015-11-01 14:11:29
(epstopdf)                    size: 10295 bytes
(epstopdf)             Output file: <Fig/Q1D1-eps-converted-to.pdf>
(epstopdf)                    date: 2015-11-01 14:25:53
(epstopdf)                    size: 7675 bytes
(epstopdf)             Command: <repstopdf --outfile=Fig/Q1D1-eps-converted-to.
pdf Fig/Q1D1.eps>
(epstopdf)             \includegraphics on input line 198.
Package epstopdf Info: Output file is already uptodate.

<Fig/Q1D1-eps-converted-to.pdf, id=75, 498.86375pt x 408.52625pt>
File: Fig/Q1D1-eps-converted-to.pdf Graphic file (type pdf)

<use Fig/Q1D1-eps-converted-to.pdf>
Package pdftex.def Info: Fig/Q1D1-eps-converted-to.pdf used on input line 198.
(pdftex.def)             Requested size: 199.16898pt x 170.71962pt.
Package epstopdf Info: Source file: <Fig/Q1D2.eps>
(epstopdf)                    date: 2015-11-01 14:11:30
(epstopdf)                    size: 10197 bytes
(epstopdf)             Output file: <Fig/Q1D2-eps-converted-to.pdf>
(epstopdf)                    date: 2015-11-01 14:25:54
(epstopdf)                    size: 7601 bytes
(epstopdf)             Command: <repstopdf --outfile=Fig/Q1D2-eps-converted-to.
pdf Fig/Q1D2.eps>
(epstopdf)             \includegraphics on input line 199.
Package epstopdf Info: Output file is already uptodate.

<Fig/Q1D2-eps-converted-to.pdf, id=76, 498.86375pt x 408.52625pt>
File: Fig/Q1D2-eps-converted-to.pdf Graphic file (type pdf)

<use Fig/Q1D2-eps-converted-to.pdf>
Package pdftex.def Info: Fig/Q1D2-eps-converted-to.pdf used on input line 199.
(pdftex.def)             Requested size: 199.16898pt x 170.71962pt.
Package epstopdf Info: Source file: <Fig/Q1E.eps>
(epstopdf)                    date: 2015-10-22 18:34:55
(epstopdf)                    size: 79180 bytes
(epstopdf)             Output file: <Fig/Q1E-eps-converted-to.pdf>
(epstopdf)                    date: 2015-11-01 14:25:56
(epstopdf)                    size: 11926 bytes
(epstopdf)             Command: <repstopdf --outfile=Fig/Q1E-eps-converted-to.p
df Fig/Q1E.eps>
(epstopdf)             \includegraphics on input line 207.
Package epstopdf Info: Output file is already uptodate.

<Fig/Q1E-eps-converted-to.pdf, id=77, 1321.93875pt x 443.6575pt>
File: Fig/Q1E-eps-converted-to.pdf Graphic file (type pdf)

<use Fig/Q1E-eps-converted-to.pdf>
Package pdftex.def Info: Fig/Q1E-eps-converted-to.pdf used on input line 207.
(pdftex.def)             Requested size: 455.24236pt x 256.06914pt.
 [3 <./Fig/Q1D1-eps-converted-to.pdf> <./Fig/Q1D2-eps-converted-to.pdf>]
Overfull \hbox (1.98135pt too wide) in paragraph at lines 235--236
 \T1/aer/bx/n/10.95 Moyenne, mé-diane, écart-type des exer-cices[] \T1/aer/m/n/
10.95 Les dif-fé-rentes va-leurs de l'échan-tillon s'ap-prochent
 []

[4 <./Fig/Q1E-eps-converted-to.pdf>]
Package epstopdf Info: Source file: <Fig/Q2A21.eps>
(epstopdf)                    date: 2015-11-04 21:06:37
(epstopdf)                    size: 62888 bytes
(epstopdf)             Output file: <Fig/Q2A21-eps-converted-to.pdf>
(epstopdf)                    date: 2015-11-04 21:14:57
(epstopdf)                    size: 8079 bytes
(epstopdf)             Command: <repstopdf --outfile=Fig/Q2A21-eps-converted-to
.pdf Fig/Q2A21.eps>
(epstopdf)             \includegraphics on input line 239.
Package epstopdf Info: Output file is already uptodate.

<Fig/Q2A21-eps-converted-to.pdf, id=103, 1391.1975pt x 428.60126pt>
File: Fig/Q2A21-eps-converted-to.pdf Graphic file (type pdf)

<use Fig/Q2A21-eps-converted-to.pdf>
Package pdftex.def Info: Fig/Q2A21-eps-converted-to.pdf used on input line 239.

(pdftex.def)             Requested size: 199.1605pt x 170.71806pt.
Package epstopdf Info: Source file: <Fig/Q2A22.eps>
(epstopdf)                    date: 2015-11-04 21:03:47
(epstopdf)                    size: 62854 bytes
(epstopdf)             Output file: <Fig/Q2A22-eps-converted-to.pdf>
(epstopdf)                    date: 2015-11-04 21:15:55
(epstopdf)                    size: 7907 bytes
(epstopdf)             Command: <repstopdf --outfile=Fig/Q2A22-eps-converted-to
.pdf Fig/Q2A22.eps>
(epstopdf)             \includegraphics on input line 240.
Package epstopdf Info: Output file is already uptodate.

<Fig/Q2A22-eps-converted-to.pdf, id=104, 1391.1975pt x 428.60126pt>
File: Fig/Q2A22-eps-converted-to.pdf Graphic file (type pdf)

<use Fig/Q2A22-eps-converted-to.pdf>
Package pdftex.def Info: Fig/Q2A22-eps-converted-to.pdf used on input line 240.

(pdftex.def)             Requested size: 199.1605pt x 170.71806pt.
Package epstopdf Info: Source file: <Fig/Q2A23.eps>
(epstopdf)                    date: 2015-11-04 21:10:42
(epstopdf)                    size: 65033 bytes
(epstopdf)             Output file: <Fig/Q2A23-eps-converted-to.pdf>
(epstopdf)                    date: 2015-11-04 21:14:58
(epstopdf)                    size: 7987 bytes
(epstopdf)             Command: <repstopdf --outfile=Fig/Q2A23-eps-converted-to
.pdf Fig/Q2A23.eps>
(epstopdf)             \includegraphics on input line 241.
Package epstopdf Info: Output file is already uptodate.

<Fig/Q2A23-eps-converted-to.pdf, id=105, 1391.1975pt x 428.60126pt>
File: Fig/Q2A23-eps-converted-to.pdf Graphic file (type pdf)

<use Fig/Q2A23-eps-converted-to.pdf>
Package pdftex.def Info: Fig/Q2A23-eps-converted-to.pdf used on input line 241.

(pdftex.def)             Requested size: 256.0726pt x 170.71806pt.
Package epstopdf Info: Source file: <Fig/Q2A3.eps>
(epstopdf)                    date: 2015-11-04 21:34:58
(epstopdf)                    size: 69661 bytes
(epstopdf)             Output file: <Fig/Q2A3-eps-converted-to.pdf>
(epstopdf)                    date: 2015-11-04 21:42:18
(epstopdf)                    size: 10612 bytes
(epstopdf)             Command: <repstopdf --outfile=Fig/Q2A3-eps-converted-to.
pdf Fig/Q2A3.eps>
(epstopdf)             \includegraphics on input line 250.
Package epstopdf Info: Output file is already uptodate.

<Fig/Q2A3-eps-converted-to.pdf, id=106, 1391.1975pt x 428.60126pt>
File: Fig/Q2A3-eps-converted-to.pdf Graphic file (type pdf)

<use Fig/Q2A3-eps-converted-to.pdf>
Package pdftex.def Info: Fig/Q2A3-eps-converted-to.pdf used on input line 250.
(pdftex.def)             Requested size: 341.43015pt x 170.71806pt.
 [5 <./Fig/Q2A21-eps-converted-to.pdf> <./Fig/Q2A22-eps-converted-to.pdf> <./Fi
g/Q2A23-eps-converted-to.pdf>]
Package epstopdf Info: Source file: <Fig/Q2B1.eps>
(epstopdf)                    date: 2015-11-04 22:22:08
(epstopdf)                    size: 71143 bytes
(epstopdf)             Output file: <Fig/Q2B1-eps-converted-to.pdf>
(epstopdf)                    date: 2015-11-04 23:00:04
(epstopdf)                    size: 9745 bytes
(epstopdf)             Command: <repstopdf --outfile=Fig/Q2B1-eps-converted-to.
pdf Fig/Q2B1.eps>
(epstopdf)             \includegraphics on input line 260.
Package epstopdf Info: Output file is already uptodate.

<Fig/Q2B1-eps-converted-to.pdf, id=134, 1391.1975pt x 428.60126pt>
File: Fig/Q2B1-eps-converted-to.pdf Graphic file (type pdf)

<use Fig/Q2B1-eps-converted-to.pdf>
Package pdftex.def Info: Fig/Q2B1-eps-converted-to.pdf used on input line 260.
(pdftex.def)             Requested size: 341.43015pt x 170.71806pt.
Package epstopdf Info: Source file: <Fig/Q2B2.eps>
(epstopdf)                    date: 2015-11-04 22:19:47
(epstopdf)                    size: 70128 bytes
(epstopdf)             Output file: <Fig/Q2B2-eps-converted-to.pdf>
(epstopdf)                    date: 2015-11-04 23:57:01
(epstopdf)                    size: 9473 bytes
(epstopdf)             Command: <repstopdf --outfile=Fig/Q2B2-eps-converted-to.
pdf Fig/Q2B2.eps>
(epstopdf)             \includegraphics on input line 269.
Package epstopdf Info: Output file is already uptodate.

<Fig/Q2B2-eps-converted-to.pdf, id=135, 1391.1975pt x 428.60126pt>
File: Fig/Q2B2-eps-converted-to.pdf Graphic file (type pdf)

<use Fig/Q2B2-eps-converted-to.pdf>
Package pdftex.def Info: Fig/Q2B2-eps-converted-to.pdf used on input line 269.
(pdftex.def)             Requested size: 341.43015pt x 170.71806pt.
 [6 <./Fig/Q2A3-eps-converted-to.pdf> <./Fig/Q2B1-eps-converted-to.pdf>]
Package epstopdf Info: Source file: <Fig/Q2B3.eps>
(epstopdf)                    date: 2015-11-05 00:53:01
(epstopdf)                    size: 70687 bytes
(epstopdf)             Output file: <Fig/Q2B3-eps-converted-to.pdf>
(epstopdf)                    date: 2015-11-05 00:54:36
(epstopdf)                    size: 9545 bytes
(epstopdf)             Command: <repstopdf --outfile=Fig/Q2B3-eps-converted-to.
pdf Fig/Q2B3.eps>
(epstopdf)             \includegraphics on input line 278.
Package epstopdf Info: Output file is already uptodate.

<Fig/Q2B3-eps-converted-to.pdf, id=156, 1391.1975pt x 428.60126pt>
File: Fig/Q2B3-eps-converted-to.pdf Graphic file (type pdf)

<use Fig/Q2B3-eps-converted-to.pdf>
Package pdftex.def Info: Fig/Q2B3-eps-converted-to.pdf used on input line 278.
(pdftex.def)             Requested size: 341.43015pt x 170.71806pt.
Package epstopdf Info: Source file: <Fig/Q2B4.eps>
(epstopdf)                    date: 2015-11-05 11:25:16
(epstopdf)                    size: 70830 bytes
(epstopdf)             Output file: <Fig/Q2B4-eps-converted-to.pdf>
(epstopdf)                    date: 2015-11-05 11:27:04
(epstopdf)                    size: 9325 bytes
(epstopdf)             Command: <repstopdf --outfile=Fig/Q2B4-eps-converted-to.
pdf Fig/Q2B4.eps>
(epstopdf)             \includegraphics on input line 287.
Package epstopdf Info: Output file is already uptodate.

<Fig/Q2B4-eps-converted-to.pdf, id=157, 1391.1975pt x 428.60126pt>
File: Fig/Q2B4-eps-converted-to.pdf Graphic file (type pdf)

<use Fig/Q2B4-eps-converted-to.pdf>
Package pdftex.def Info: Fig/Q2B4-eps-converted-to.pdf used on input line 287.
(pdftex.def)             Requested size: 199.1605pt x 170.71806pt.
Package epstopdf Info: Source file: <Fig/Q2B5.eps>
(epstopdf)                    date: 2015-11-05 11:24:02
(epstopdf)                    size: 70535 bytes
(epstopdf)             Output file: <Fig/Q2B5-eps-converted-to.pdf>
(epstopdf)                    date: 2015-11-05 11:27:05
(epstopdf)                    size: 9335 bytes
(epstopdf)             Command: <repstopdf --outfile=Fig/Q2B5-eps-converted-to.
pdf Fig/Q2B5.eps>
(epstopdf)             \includegraphics on input line 288.
Package epstopdf Info: Output file is already uptodate.

<Fig/Q2B5-eps-converted-to.pdf, id=158, 1391.1975pt x 428.60126pt>
File: Fig/Q2B5-eps-converted-to.pdf Graphic file (type pdf)

<use Fig/Q2B5-eps-converted-to.pdf>
Package pdftex.def Info: Fig/Q2B5-eps-converted-to.pdf used on input line 288.
(pdftex.def)             Requested size: 199.1605pt x 170.71806pt.
Package epstopdf Info: Source file: <Fig/Q2B6.eps>
(epstopdf)                    date: 2015-11-05 11:23:21
(epstopdf)                    size: 70462 bytes
(epstopdf)             Output file: <Fig/Q2B6-eps-converted-to.pdf>
(epstopdf)                    date: 2015-11-05 11:27:06
(epstopdf)                    size: 9431 bytes
(epstopdf)             Command: <repstopdf --outfile=Fig/Q2B6-eps-converted-to.
pdf Fig/Q2B6.eps>
(epstopdf)             \includegraphics on input line 289.
Package epstopdf Info: Output file is already uptodate.

<Fig/Q2B6-eps-converted-to.pdf, id=159, 1391.1975pt x 428.60126pt>
File: Fig/Q2B6-eps-converted-to.pdf Graphic file (type pdf)

<use Fig/Q2B6-eps-converted-to.pdf>
Package pdftex.def Info: Fig/Q2B6-eps-converted-to.pdf used on input line 289.
(pdftex.def)             Requested size: 199.1605pt x 170.71806pt.
 [7 <./Fig/Q2B2-eps-converted-to.pdf> <./Fig/Q2B3-eps-converted-to.pdf>] [8 <./
Fig/Q2B4-eps-converted-to.pdf> <./Fig/Q2B5-eps-converted-to.pdf> <./Fig/Q2B6-ep
s-converted-to.pdf>]
LaTeX Font Info:    Try loading font information for T1+ptm on input line 316.

(/usr/local/texlive/2014/texmf-dist/tex/latex/psnfss/t1ptm.fd
File: t1ptm.fd 2001/06/04 font definitions for T1/ptm.
) (./code/Q1A.m
LaTeX Font Info:    Try loading font information for OT1+pag on input line 2.

(/usr/local/texlive/2014/texmf-dist/tex/latex/psnfss/ot1pag.fd
File: ot1pag.fd 2001/06/04 font definitions for OT1/pag.
)) (./code/Q1B.m
[9]) (./code/Q1C.m [10]) (./code/Q1D.m [11]) (./code/Q1E.m [12]) (./code/Q2A.m
[13]) (./code/Q2B.m [14] [15]) [16] (./rapportP1.aux)

LaTeX Warning: There were multiply-defined labels.

 ) 
Here is how much of TeX's memory you used:
 7695 strings out of 493117
 99708 string characters out of 6135434
 366349 words of memory out of 5000000
 10919 multiletter control sequences out of 15000+600000
 53734 words of font info for 105 fonts, out of 8000000 for 9000
 1141 hyphenation exceptions out of 8191
 42i,14n,43p,1102b,2498s stack positions out of 5000i,500n,10000p,200000b,80000s
{/usr/local/texlive/2014/texmf-dist/fonts/enc/dvips/base/8r.enc}</usr/local/t
exlive/2014/texmf-dist/fonts/type1/public/amsfonts/cm/cmbx10.pfb></usr/local/te
xlive/2014/texmf-dist/fonts/type1/public/amsfonts/cm/cmbx12.pfb></usr/local/tex
live/2014/texmf-dist/fonts/type1/public/amsfonts/cm/cmcsc10.pfb></usr/local/tex
live/2014/texmf-dist/fonts/type1/public/amsfonts/cm/cmr10.pfb></usr/local/texli
ve/2014/texmf-dist/fonts/type1/public/amsfonts/cm/cmr17.pfb></usr/local/texlive
/2014/texmf-dist/fonts/type1/public/amsfonts/cm/cmr6.pfb></usr/local/texlive/20
14/texmf-dist/fonts/type1/public/amsfonts/cm/cmr9.pfb></usr/local/texlive/2014/
texmf-dist/fonts/type1/public/amsfonts/cm/cmsl12.pfb></usr/local/texlive/2014/t
exmf-dist/fonts/type1/public/amsfonts/cm/cmsy9.pfb></usr/local/texlive/2014/tex
mf-dist/fonts/type1/public/amsfonts/cm/cmti10.pfb></usr/local/texlive/2014/texm
f-dist/fonts/type1/public/amsfonts/cm/cmti12.pfb></usr/local/texlive/2014/texmf
-dist/fonts/type1/public/amsfonts/latxfont/line10.pfb></usr/local/texlive/2014/
texmf-dist/fonts/type1/urw/avantgar/uagk8a.pfb></usr/local/texlive/2014/texmf-d
ist/fonts/type1/urw/times/utmr8a.pfb>
Output written on rapportP1.pdf (17 pages, 320905 bytes).
PDF statistics:
 284 PDF objects out of 1000 (max. 8388607)
 192 compressed objects within 2 object streams
 0 named destinations out of 1000 (max. 500000)
 106 words of extra memory for PDF output out of 10000 (max. 10000000)

